Arguments: 
  C:\laragon\bin\nodejs\node.exe C:\Program Files (x86)\Yarn\bin\yarn.js add boostrap-carousel

PATH: 
  C:\Users\ndeth\AppData\Roaming\npm;C:\laragon\bin\cmder\vendor\telnet;C:\laragon\bin\cmder\vendor\putty;C:\Users\ndeth\AppData\Roaming\Composer\vendor\bin;C:\laragon\bin\mysql\mysql-5.7.13-win32\bin;C:\laragon\bin\php\php-7.0.10-Win32-VC14-x86;C:\laragon\bin\composer;C:\laragon\bin\apache\httpd-2.4.23-win32-VC14\bin\;C:\laragon\bin\redis\redis-2.8.17;C:\laragon\bin\memcached\memcached-1.4.5;C:\laragon\bin\nodejs;C:\laragon\bin\notepad++;C:\laragon\bin\telnet;C:\laragon\bin\sublime;C:\laragon\bin\ngrok;C:\laragon\bin\sendmail;C:\laragon\bin\winscp;C:\laragon\bin\git\bin;C:\laragon\bin\git\cmd;C:\laragon\bin\git\usr\bin;C:\laragon\bin\git\mingw32\bin;C:\laragon\bin;C:\laragon\usr\bin;C:\laragon\bin\putty;C:\laragon\bin\cmder\bin;C:\Program Files\Git\bin;C:\Program Files\Git\usr\bin;C:\Program Files\Git\usr\share\vim\vim74;C:\laragon\bin\cmder\vendor\conemu-maximus5\ConEmu\Scripts;C:\laragon\bin\cmder\vendor\conemu-maximus5;C:\laragon\bin\cmder\vendor\conemu-maximus5\ConEmu;C:\ProgramData\Oracle\Java\javapath;C:\xampp\php;C:\WINDOWS\system32;C:\WINDOWS;C:\WINDOWS\System32\Wbem;C:\WINDOWS\System32\WindowsPowerShell\v1.0\;C:\ProgramData\ComposerSetup\bin;C:\Users\ndeth\AppData\Roaming\Composer\vendor\bin;C:\Program Files (x86)\Skype\Phone\;C:\Program Files\OpenVPN\bin;C:\Program Files (x86)\QuickTime\QTSystem\;C:\laragon\bin\nodejs\;C:\Program Files (x86)\Yarn\bin;C:\Go\bin;C:\Ruby24-x64\bin;C:\Users\ndeth\AppData\Local\Programs\Python\Python35-32\Scripts\;C:\Users\ndeth\AppData\Local\Programs\Python\Python35-32\;C:\HashiCorp\Vagrant\bin;C:\Users\ndeth\AppData\Local\atom\bin;C:\sqlite;C:\Program Files\Docker Toolbox;C:\Users\ndeth\AppData\Local\Microsoft\WindowsApps;C:\Users\ndeth\AppData\Roaming\npm;C:\Users\ndeth\AppData\Local\Yarn\bin;C:\Program Files\Microsoft VS Code\bin;C:\Program Files\heroku\bin;C:\Users\ndeth\go\bin;C:\laragon\bin\cmder\;

Yarn version: 
  1.3.2

Node version: 
  7.9.0

Platform: 
  win32 x64

npm manifest: 
  {
    "dependencies": {
      "bootstrap": "^4.1.3",
      "glidejs": "^2.1.0"
    }
  }

yarn manifest: 
  No manifest

Lockfile: 
  # THIS IS AN AUTOGENERATED FILE. DO NOT EDIT THIS FILE DIRECTLY.
  # yarn lockfile v1
  
  
  bootstrap@^4.1.3:
    version "4.1.3"
    resolved "https://registry.yarnpkg.com/bootstrap/-/bootstrap-4.1.3.tgz#0eb371af2c8448e8c210411d0cb824a6409a12be"
  
  glidejs@^2.1.0:
    version "2.1.0"
    resolved "https://registry.yarnpkg.com/glidejs/-/glidejs-2.1.0.tgz#447b5126cf6e282f20ccdcc99cdd515d21bd8eb1"
    dependencies:
      jquery "2.2.*"
  
  jquery@2.2.*:
    version "2.2.4"
    resolved "https://registry.yarnpkg.com/jquery/-/jquery-2.2.4.tgz#2c89d6889b5eac522a7eea32c14521559c6cbf02"

Trace: 
  Error: https://registry.yarnpkg.com/boostrap-carousel: Not found
      at Request.params.callback [as _callback] (C:\Program Files (x86)\Yarn\lib\cli.js:62098:18)
      at Request.self.callback (C:\Program Files (x86)\Yarn\lib\cli.js:123085:22)
      at emitTwo (events.js:106:13)
      at Request.emit (events.js:194:7)
      at Request.<anonymous> (C:\Program Files (x86)\Yarn\lib\cli.js:124068:10)
      at emitOne (events.js:96:13)
      at Request.emit (events.js:191:7)
      at IncomingMessage.<anonymous> (C:\Program Files (x86)\Yarn\lib\cli.js:123988:12)
      at Object.onceWrapper (events.js:293:19)
      at emitNone (events.js:91:20)
